<?xml version="1.0" encoding="UTF-8"?>
<!-- Generated by org.testng.reporters.JUnitReportReporter -->
<testsuite hostname="DESKTOP-0BQRKT0" failures="0" tests="1" name="com.extenTreports.ExtentReportsDemo" time="10.972" errors="0" timestamp="2022-02-27T21:22:08 IST" skipped="0">
  <testcase classname="com.extenTreports.ExtentReportsDemo" name="googleLoogo" time="10.972"/>
  <system-out/>
</testsuite> <!-- com.extenTreports.ExtentReportsDemo -->
